<?xml version="1.0" encoding="UTF-8"?>
<testng-results ignored="0" total="2" passed="1" failed="1" skipped="0">
  <reporter-output>
  </reporter-output>
  <suite started-at="2020-04-15T11:48:17Z" name="Basspro Validation - test suite" finished-at="2020-04-15T11:50:37Z" duration-ms="140744">
    <groups>
    </groups>
    <test started-at="2020-04-15T11:48:17Z" name="Regression" finished-at="2020-04-15T11:50:37Z" duration-ms="140744">
      <class name="testCases.UserRegistrationTest">
        <test-method is-config="true" signature="RegistrationTest()[pri:0, instance:testCases.UserRegistrationTest@2f953efd]" started-at="2020-04-15T17:18:17Z" name="RegistrationTest" finished-at="2020-04-15T17:18:51Z" duration-ms="34296" status="PASS">
          <reporter-output>
          </reporter-output>
        </test-method> <!-- RegistrationTest -->
        <test-method signature="NewUserRegistrationValidation()[pri:1, instance:testCases.UserRegistrationTest@2f953efd]" started-at="2020-04-15T17:18:51Z" name="NewUserRegistrationValidation" finished-at="2020-04-15T17:20:03Z" duration-ms="71636" status="FAIL">
          <exception class="java.lang.NullPointerException">
            <full-stacktrace>
              <![CDATA[java.lang.NullPointerExceptionat org.openqa.selenium.support.pagefactory.DefaultElementLocator.findElement(DefaultElementLocator.java:69)at org.openqa.selenium.support.pagefactory.internal.LocatingElementHandler.invoke(LocatingElementHandler.java:38)at com.sun.proxy.$Proxy11.click(Unknown Source)at pageFactory.LoginPageDemo.ValidLogin(LoginPageDemo.java:88)at testCases.UserRegistrationTest.NewUserRegistrationValidation(UserRegistrationTest.java:37)at java.base/jdk.internal.reflect.NativeMethodAccessorImpl.invoke0(Native Method)at java.base/jdk.internal.reflect.NativeMethodAccessorImpl.invoke(Unknown Source)at java.base/jdk.internal.reflect.DelegatingMethodAccessorImpl.invoke(Unknown Source)at java.base/java.lang.reflect.Method.invoke(Unknown Source)at org.testng.internal.MethodInvocationHelper.invokeMethod(MethodInvocationHelper.java:124)at org.testng.internal.Invoker.invokeMethod(Invoker.java:571)at org.testng.internal.Invoker.invokeTestMethod(Invoker.java:707)at org.testng.internal.Invoker.invokeTestMethods(Invoker.java:979)at org.testng.internal.TestMethodWorker.invokeTestMethods(TestMethodWorker.java:125)at org.testng.internal.TestMethodWorker.run(TestMethodWorker.java:109)at org.testng.TestRunner.privateRun(TestRunner.java:648)at org.testng.TestRunner.run(TestRunner.java:505)at org.testng.SuiteRunner.runTest(SuiteRunner.java:455)at org.testng.SuiteRunner.runSequentially(SuiteRunner.java:450)at org.testng.SuiteRunner.privateRun(SuiteRunner.java:415)at org.testng.SuiteRunner.run(SuiteRunner.java:364)at org.testng.SuiteRunnerWorker.runSuite(SuiteRunnerWorker.java:52)at org.testng.SuiteRunnerWorker.run(SuiteRunnerWorker.java:84)at org.testng.TestNG.runSuitesSequentially(TestNG.java:1187)at org.testng.TestNG.runSuitesLocally(TestNG.java:1116)at org.testng.TestNG.runSuites(TestNG.java:1028)at org.testng.TestNG.run(TestNG.java:996)at org.testng.remote.AbstractRemoteTestNG.run(AbstractRemoteTestNG.java:114)at org.testng.remote.RemoteTestNG.initAndRun(RemoteTestNG.java:251)at org.testng.remote.RemoteTestNG.main(RemoteTestNG.java:77)]]>
            </full-stacktrace>
          </exception> <!-- java.lang.NullPointerException -->
          <reporter-output>
          </reporter-output>
        </test-method> <!-- NewUserRegistrationValidation -->
        <test-method is-config="true" signature="TearDown()[pri:0, instance:testCases.UserRegistrationTest@2f953efd]" started-at="2020-04-15T17:20:03Z" name="TearDown" finished-at="2020-04-15T17:20:03Z" duration-ms="466" status="PASS">
          <reporter-output>
          </reporter-output>
        </test-method> <!-- TearDown -->
        <test-method is-config="true" signature="RegistrationTest()[pri:0, instance:testCases.UserRegistrationTest@2f953efd]" started-at="2020-04-15T17:20:03Z" name="RegistrationTest" finished-at="2020-04-15T17:20:36Z" duration-ms="32562" status="PASS">
          <reporter-output>
          </reporter-output>
        </test-method> <!-- RegistrationTest -->
        <test-method signature="Demotest()[pri:2, instance:testCases.UserRegistrationTest@2f953efd]" started-at="2020-04-15T17:20:36Z" name="Demotest" finished-at="2020-04-15T17:20:36Z" duration-ms="5" status="PASS">
          <reporter-output>
          </reporter-output>
        </test-method> <!-- Demotest -->
        <test-method is-config="true" signature="TearDown()[pri:0, instance:testCases.UserRegistrationTest@2f953efd]" started-at="2020-04-15T17:20:36Z" name="TearDown" finished-at="2020-04-15T17:20:37Z" duration-ms="1605" status="PASS">
          <reporter-output>
          </reporter-output>
        </test-method> <!-- TearDown -->
      </class> <!-- testCases.UserRegistrationTest -->
    </test> <!-- Regression -->
  </suite> <!-- Basspro Validation - test suite -->
</testng-results>
