<?xml version="1.0" encoding="UTF-8"?>
<!-- Generated by org.testng.reporters.JUnitXMLReporter -->
<testsuite ignored="0" hostname="mahi" failures="1" tests="2" name="Regression" time="140.744" errors="0" timestamp="15 Apr 2020 11:50:40 GMT">
  <testcase classname="testCases.UserRegistrationTest" name="NewUserRegistrationValidation" time="71.636">
    <failure type="java.lang.NullPointerException">
      <![CDATA[java.lang.NullPointerExceptionat org.openqa.selenium.support.pagefactory.DefaultElementLocator.findElement(DefaultElementLocator.java:69)at org.openqa.selenium.support.pagefactory.internal.LocatingElementHandler.invoke(LocatingElementHandler.java:38)at com.sun.proxy.$Proxy11.click(Unknown Source)at pageFactory.LoginPageDemo.ValidLogin(LoginPageDemo.java:88)at testCases.UserRegistrationTest.NewUserRegistrationValidation(UserRegistrationTest.java:37)... Removed 25 stack frames]]>
    </failure>
  </testcase> <!-- NewUserRegistrationValidation -->
  <testcase classname="testCases.UserRegistrationTest" name="Demotest" time="0.005"/>
</testsuite> <!-- Regression -->
